Performing C SOURCE FILE Test CMAKE_HAVE_LIBC_PTHREAD failed with the following output:
Change Dir: /home/lfq/PointCloud/Extract_Point_Cloud/build/CMakeFiles/CMakeTmp

Run Build Command(s):/usr/bin/make cmTC_60bf0/fast && /usr/bin/make  -f CMakeFiles/cmTC_60bf0.dir/build.make CMakeFiles/cmTC_60bf0.dir/build
make[1]: Entering directory '/home/lfq/PointCloud/Extract_Point_Cloud/build/CMakeFiles/CMakeTmp'
Building C object CMakeFiles/cmTC_60bf0.dir/src.c.o
/usr/bin/cc   -DCMAKE_HAVE_LIBC_PTHREAD -o CMakeFiles/cmTC_60bf0.dir/src.c.o -c /home/lfq/PointCloud/Extract_Point_Cloud/build/CMakeFiles/CMakeTmp/src.c
Linking C executable cmTC_60bf0
/usr/local/bin/cmake -E cmake_link_script CMakeFiles/cmTC_60bf0.dir/link.txt --verbose=1
/usr/bin/cc  -DCMAKE_HAVE_LIBC_PTHREAD CMakeFiles/cmTC_60bf0.dir/src.c.o -o cmTC_60bf0 
CMakeFiles/cmTC_60bf0.dir/src.c.o：在函数‘main’中：
src.c:(.text+0x3c)：对‘pthread_create’未定义的引用
src.c:(.text+0x48)：对‘pthread_detach’未定义的引用
src.c:(.text+0x54)：对‘pthread_cancel’未定义的引用
src.c:(.text+0x65)：对‘pthread_join’未定义的引用
src.c:(.text+0x79)：对‘pthread_atfork’未定义的引用
collect2: error: ld returned 1 exit status
CMakeFiles/cmTC_60bf0.dir/build.make:105: recipe for target 'cmTC_60bf0' failed
make[1]: *** [cmTC_60bf0] Error 1
make[1]: Leaving directory '/home/lfq/PointCloud/Extract_Point_Cloud/build/CMakeFiles/CMakeTmp'
Makefile:140: recipe for target 'cmTC_60bf0/fast' failed
make: *** [cmTC_60bf0/fast] Error 2


Source file was:
#include <pthread.h>

void* test_func(void* data)
{
  return data;
}

int main(void)
{
  pthread_t thread;
  pthread_create(&thread, NULL, test_func, NULL);
  pthread_detach(thread);
  pthread_cancel(thread);
  pthread_join(thread, NULL);
  pthread_atfork(NULL, NULL, NULL);
  pthread_exit(NULL);

  return 0;
}

Determining if the function pthread_create exists in the pthreads failed with the following output:
Change Dir: /home/lfq/PointCloud/Extract_Point_Cloud/build/CMakeFiles/CMakeTmp

Run Build Command(s):/usr/bin/make cmTC_d5c23/fast && /usr/bin/make  -f CMakeFiles/cmTC_d5c23.dir/build.make CMakeFiles/cmTC_d5c23.dir/build
make[1]: Entering directory '/home/lfq/PointCloud/Extract_Point_Cloud/build/CMakeFiles/CMakeTmp'
Building C object CMakeFiles/cmTC_d5c23.dir/CheckFunctionExists.c.o
/usr/bin/cc   -DCHECK_FUNCTION_EXISTS=pthread_create -o CMakeFiles/cmTC_d5c23.dir/CheckFunctionExists.c.o -c /usr/local/share/cmake-3.18/Modules/CheckFunctionExists.c
Linking C executable cmTC_d5c23
/usr/local/bin/cmake -E cmake_link_script CMakeFiles/cmTC_d5c23.dir/link.txt --verbose=1
/usr/bin/cc  -DCHECK_FUNCTION_EXISTS=pthread_create CMakeFiles/cmTC_d5c23.dir/CheckFunctionExists.c.o -o cmTC_d5c23  -lpthreads 
/usr/bin/ld: 找不到 -lpthreads
collect2: error: ld returned 1 exit status
CMakeFiles/cmTC_d5c23.dir/build.make:105: recipe for target 'cmTC_d5c23' failed
make[1]: *** [cmTC_d5c23] Error 1
make[1]: Leaving directory '/home/lfq/PointCloud/Extract_Point_Cloud/build/CMakeFiles/CMakeTmp'
Makefile:140: recipe for target 'cmTC_d5c23/fast' failed
make: *** [cmTC_d5c23/fast] Error 2



